This is pdfTeX, Version 3.14159265-2.6-1.40.21 (MiKTeX 20.7) (preloaded format=pdflatex 2020.9.20)  8 OCT 2020 13:30
entering extended mode
**./invoice.tex
(invoice.tex
LaTeX2e <2020-02-02> patch level 5
L3 programming layer <2020-09-03> (invoice.cls
Document Class: invoice 

("C:\Users\Christophe Marciot\AppData\Local\Programs\MiKTeX 2.9\tex/latex/base\
article.cls"
Document Class: article 2019/12/20 v1.4l Standard LaTeX document class

("C:\Users\Christophe Marciot\AppData\Local\Programs\MiKTeX 2.9\tex/latex/base\
size12.clo"
File: size12.clo 2019/12/20 v1.4l Standard LaTeX file (size option)
)
\c@part=\count168
\c@section=\count169
\c@subsection=\count170
\c@subsubsection=\count171
\c@paragraph=\count172
\c@subparagraph=\count173
\c@figure=\count174
\c@table=\count175
\abovecaptionskip=\skip47
\belowcaptionskip=\skip48
\bibindent=\dimen134
)
("C:\Users\Christophe Marciot\AppData\Local\Programs\MiKTeX 2.9\tex/latex/geome
try\geometry.sty"
Package: geometry 2020/01/02 v5.9 Page Geometry

("C:\Users\Christophe Marciot\AppData\Local\Programs\MiKTeX 2.9\tex/latex/graph
ics\keyval.sty"
Package: keyval 2014/10/28 v1.15 key=value parser (DPC)
\KV@toks@=\toks15
)
("C:\Users\Christophe Marciot\AppData\Local\Programs\MiKTeX 2.9\tex/generic/ift
ex\ifvtex.sty"
Package: ifvtex 2019/10/25 v1.7 ifvtex legacy package. Use iftex instead.

("C:\Users\Christophe Marciot\AppData\Local\Programs\MiKTeX 2.9\tex/generic/ift
ex\iftex.sty"
Package: iftex 2020/03/06 v1.0d TeX engine tests
))
\Gm@cnth=\count176
\Gm@cntv=\count177
\c@Gm@tempcnt=\count178
\Gm@bindingoffset=\dimen135
\Gm@wd@mp=\dimen136
\Gm@odd@mp=\dimen137
\Gm@even@mp=\dimen138
\Gm@layoutwidth=\dimen139
\Gm@layoutheight=\dimen140
\Gm@layouthoffset=\dimen141
\Gm@layoutvoffset=\dimen142
\Gm@dimlist=\toks16

("C:\Users\Christophe Marciot\AppData\Local\Programs\MiKTeX 2.9\tex/latex/geome
try\geometry.cfg"))
("C:\Users\Christophe Marciot\AppData\Local\Programs\MiKTeX 2.9\tex/latex/parsk
ip\parskip.sty"
Package: parskip 2020-06-15 v2.0f non-zero parskip adjustments

("C:\Users\Christophe Marciot\AppData\Local\Programs\MiKTeX 2.9\tex/latex/kvopt
ions\kvoptions.sty"
Package: kvoptions 2019/11/29 v3.13 Key value format for package options (HO)

("C:\Users\Christophe Marciot\AppData\Local\Programs\MiKTeX 2.9\tex/generic/ltx
cmds\ltxcmds.sty"
Package: ltxcmds 2019/12/15 v1.24 LaTeX kernel commands for general use (HO)
)
("C:\Users\Christophe Marciot\AppData\Local\Programs\MiKTeX 2.9\tex/generic/kvs
etkeys\kvsetkeys.sty"
Package: kvsetkeys 2019/12/15 v1.18 Key value parser (HO)
))
("C:\Users\Christophe Marciot\AppData\Local\Programs\MiKTeX 2.9\tex/latex/etool
box\etoolbox.sty"
Package: etoolbox 2020/08/24 v2.5j e-TeX tools for LaTeX (JAW)
\etb@tempcnta=\count179
))
("C:\Users\Christophe Marciot\AppData\Local\Programs\MiKTeX 2.9\tex/latex/fp\fp
.sty"
Package: fp 1995/04/02
 `Fixed Point Package', Version 0.8, April 2, 1995 (C) Michael Mehlich
("C:\Users\Christophe Marciot\AppData\Local\Programs\MiKTeX 2.9\tex/latex/fp\de
fpattern.sty"
Package: defpattern 1994/10/12
\actioncount=\count180
)
("C:\Users\Christophe Marciot\AppData\Local\Programs\MiKTeX 2.9\tex/latex/fp\fp
-basic.sty"
Package: fp-basic 1996/05/13
\FP@xs=\count181
\FP@xia=\count182
\FP@xib=\count183
\FP@xfa=\count184
\FP@xfb=\count185
\FP@rega=\count186
\FP@regb=\count187
\FP@regs=\count188
\FP@times=\count189
)
("C:\Users\Christophe Marciot\AppData\Local\Programs\MiKTeX 2.9\tex/latex/fp\fp
-addons.sty"
Package: fp-addons 1995/03/15
)
("C:\Users\Christophe Marciot\AppData\Local\Programs\MiKTeX 2.9\tex/latex/fp\fp
-snap.sty"
Package: fp-snap 1995/04/05
)
("C:\Users\Christophe Marciot\AppData\Local\Programs\MiKTeX 2.9\tex/latex/fp\fp
-exp.sty"
Package: fp-exp 1995/04/03
)
("C:\Users\Christophe Marciot\AppData\Local\Programs\MiKTeX 2.9\tex/latex/fp\fp
-trigo.sty"
Package: fp-trigo 1995/04/14
)
("C:\Users\Christophe Marciot\AppData\Local\Programs\MiKTeX 2.9\tex/latex/fp\fp
-pas.sty"
Package: fp-pas 1994/08/29
)
("C:\Users\Christophe Marciot\AppData\Local\Programs\MiKTeX 2.9\tex/latex/fp\fp
-random.sty"
Package: fp-random 1995/02/23
\FPseed=\count190
)
("C:\Users\Christophe Marciot\AppData\Local\Programs\MiKTeX 2.9\tex/latex/fp\fp
-eqn.sty"
Package: fp-eqn 1995/04/03
)
("C:\Users\Christophe Marciot\AppData\Local\Programs\MiKTeX 2.9\tex/latex/fp\fp
-upn.sty"
Package: fp-upn 1996/10/21
)
("C:\Users\Christophe Marciot\AppData\Local\Programs\MiKTeX 2.9\tex/latex/fp\fp
-eval.sty"
Package: fp-eval 1995/04/03
))
("C:\Users\Christophe Marciot\AppData\Local\Programs\MiKTeX 2.9\tex/latex/tools
\calc.sty"
Package: calc 2017/05/25 v4.3 Infix arithmetic (KKT,FJ)
\calc@Acount=\count191
\calc@Bcount=\count192
\calc@Adimen=\dimen143
\calc@Bdimen=\dimen144
\calc@Askip=\skip49
\calc@Bskip=\skip50
LaTeX Info: Redefining \setlength on input line 80.
LaTeX Info: Redefining \addtolength on input line 81.
\calc@Ccount=\count193
\calc@Cskip=\skip51
)
("C:\Users\Christophe Marciot\AppData\Local\Programs\MiKTeX 2.9\tex/latex/tools
\longtable.sty"
Package: longtable 2020/01/07 v4.13 Multi-page Table package (DPC)
\LTleft=\skip52
\LTright=\skip53
\LTpre=\skip54
\LTpost=\skip55
\LTchunksize=\count194
\LTcapwidth=\dimen145
\LT@head=\box45
\LT@firsthead=\box46
\LT@foot=\box47
\LT@lastfoot=\box48
\LT@cols=\count195
\LT@rows=\count196
\c@LT@tables=\count197
\c@LT@chunks=\count198
\LT@p@ftn=\toks17
)
("C:\Users\Christophe Marciot\AppData\Local\Programs\MiKTeX 2.9\tex/latex/base\
inputenc.sty"
Package: inputenc 2018/08/11 v1.3c Input encoding file
\inpenc@prehook=\toks18
\inpenc@posthook=\toks19
)
\c@heures=\count199
\c@subhours=\count266
\c@cost=\count267
\c@subcost=\count268
)
("C:\Users\Christophe Marciot\AppData\Local\Programs\MiKTeX 2.9\tex/latex/l3bac
kend\l3backend-pdftex.def"
File: l3backend-pdftex.def 2020-09-01 L3 backend support: PDF output (pdfTeX)
\l__kernel_color_stack_int=\count269
\l__pdf_internal_box=\box49
) (invoice.aux)
\openout1 = `invoice.aux'.

LaTeX Font Info:    Checking defaults for OML/cmm/m/it on input line 30.
LaTeX Font Info:    ... okay on input line 30.
LaTeX Font Info:    Checking defaults for OMS/cmsy/m/n on input line 30.
LaTeX Font Info:    ... okay on input line 30.
LaTeX Font Info:    Checking defaults for OT1/cmr/m/n on input line 30.
LaTeX Font Info:    ... okay on input line 30.
LaTeX Font Info:    Checking defaults for T1/cmr/m/n on input line 30.
LaTeX Font Info:    ... okay on input line 30.
LaTeX Font Info:    Checking defaults for TS1/cmr/m/n on input line 30.
LaTeX Font Info:    ... okay on input line 30.
LaTeX Font Info:    Checking defaults for OMX/cmex/m/n on input line 30.
LaTeX Font Info:    ... okay on input line 30.
LaTeX Font Info:    Checking defaults for U/cmr/m/n on input line 30.
LaTeX Font Info:    ... okay on input line 30.

*geometry* driver: auto-detecting
*geometry* detected driver: pdftex
*geometry* verbose mode - [ preamble ] result:
* driver: pdftex
* paper: letterpaper
* layout: <same size as paper>
* layoutoffset:(h,v)=(0.0pt,0.0pt)
* modes: 
* h-part:(L,W,R)=(57.0928pt, 500.10939pt, 57.0928pt)
* v-part:(T,H,B)=(57.0928pt, 680.78438pt, 57.0928pt)
* \paperwidth=614.295pt
* \paperheight=794.96999pt
* \textwidth=500.10939pt
* \textheight=680.78438pt
* \oddsidemargin=-15.17719pt
* \evensidemargin=-15.17719pt
* \topmargin=-52.17719pt
* \headheight=12.0pt
* \headsep=25.0pt
* \topskip=12.0pt
* \footskip=30.0pt
* \marginparwidth=44.0pt
* \marginparsep=10.0pt
* \columnsep=10.0pt
* \skip\footins=10.8pt plus 4.0pt minus 2.0pt
* \hoffset=0.0pt
* \voffset=0.0pt
* \mag=1000
* \@twocolumnfalse
* \@twosidefalse
* \@mparswitchfalse
* \@reversemarginfalse
* (1in=72.27pt=25.4mm, 1cm=28.453pt)


Underfull \hbox (badness 10000) in paragraph at lines 37--47

 []


Underfull \hbox (badness 10000) in paragraph at lines 48--50

 []

( FP-ROUND ) ( FP-ROUND ) ( FP-MUL ) ( FP-ROUND ) ( FP-DIV ) ( FP-ROUND )
( FP-ROUND ) ( FP-MUL ) ( FP-ROUND ) ( FP-DIV ) ( FP-ROUND )
Overfull \hbox (1.63042pt too wide) in alignment at lines 55--72
[] [] [] []
 []


Package longtable Warning: Column widths have changed
(longtable)                in table 1 on input line 72.

! Misplaced \noalign.
\hline ->\noalign 
                  {\ifnum 0=`}\fi \hrule \@height \arrayrulewidth \futurelet...
l.75 \hline
           
? 

Underfull \hbox (badness 10000) in paragraph at lines 76--78

 []


Package longtable Warning: Table widths have changed. Rerun LaTeX.

[1

{C:/Users/Christophe Marciot/AppData/Local/MiKTeX/2.9/pdftex/config/pdftex.map}
] (invoice.aux) ) 
Here is how much of TeX's memory you used:
 2451 strings out of 481165
 35906 string characters out of 2895810
 302650 words of memory out of 3000000
 18063 multiletter control sequences out of 15000+200000
 536040 words of font info for 32 fonts, out of 3000000 for 9000
 1141 hyphenation exceptions out of 8191
 44i,4n,37p,874b,209s stack positions out of 5000i,500n,10000p,200000b,50000s
<C:/Users/Christophe Marciot/AppData/Local/Programs/MiKTeX 2.9
/fonts/type1/public/amsfonts/cm/cmbx12.pfb><C:/Users/Christophe Marciot/AppData
/Local/Programs/MiKTeX 2.9/fonts/type1/public/amsfonts/cm/cmr12.pfb><C:/Users/C
hristophe Marciot/AppData/Local/Programs/MiKTeX 2.9/fonts/type1/public/amsfonts
/cm/cmti12.pfb>
Output written on invoice.pdf (1 page, 42951 bytes).
PDF statistics:
 18 PDF objects out of 1000 (max. 8388607)
 0 named destinations out of 1000 (max. 500000)
 1 words of extra memory for PDF output out of 10000 (max. 10000000)

